<?xml version="1.0" encoding="UTF-8"?>
<testsuites name="Mocha Tests" time="36.118" tests="51" failures="0">
  <testsuite name="Root Suite" timestamp="2023-01-04T09:14:39" tests="0" time="0.000" failures="0">
  </testsuite>
  <testsuite name="ERC721" timestamp="2023-01-04T09:14:39" tests="0" file="/home/nhat-truong/Projects/test-nft/test/ERC721.ts" time="0.000" failures="0">
  </testsuite>
  <testsuite name="1. Initialize" timestamp="2023-01-04T09:14:39" tests="1" file="/home/nhat-truong/Projects/test-nft/test/ERC721.ts" time="1.067" failures="0">
    <testcase name="ERC721 1. Initialize 1.1. Should assign states successfully" time="0.055" classname="1.1. Should assign states successfully">
    </testcase>
  </testsuite>
  <testsuite name="2. Mint" timestamp="2023-01-04T09:14:40" tests="9" file="/home/nhat-truong/Projects/test-nft/test/ERC721.ts" time="4.820" failures="0">
    <testcase name="ERC721 2. Mint 2.1. Should be fail when address is zero address" time="0.038" classname="2.1. Should be fail when address is zero address">
    </testcase>
    <testcase name="ERC721 2. Mint 2.2. Should be fail when amount is equal 0" time="0.017" classname="2.2. Should be fail when amount is equal 0">
    </testcase>
    <testcase name="ERC721 2. Mint 2.3. Should be fail when price is equal 0" time="0.021" classname="2.3. Should be fail when price is equal 0">
    </testcase>
    <testcase name="ERC721 2. Mint 2.4. Should be fail when user pay native token and msg.value is not equal amount" time="0.033" classname="2.4. Should be fail when user pay native token and msg.value is not equal amount">
    </testcase>
    <testcase name="ERC721 2. Mint 2.5. Should be fail when user pay native token less than price of token" time="0.029" classname="2.5. Should be fail when user pay native token less than price of token">
    </testcase>
    <testcase name="ERC721 2. Mint 2.6. Should be fail when user pay other token less than price of token" time="0.055" classname="2.6. Should be fail when user pay other token less than price of token">
    </testcase>
    <testcase name="ERC721 2. Mint 2.7. Should be fail when transaction is not signed by verifier" time="0.044" classname="2.7. Should be fail when transaction is not signed by verifier">
    </testcase>
    <testcase name="ERC721 2. Mint 2.8. Should mint successfully when user pay native token" time="0.181" classname="2.8. Should mint successfully when user pay native token">
    </testcase>
    <testcase name="ERC721 2. Mint 2.9. Should mint successfully when user pay other token" time="0.136" classname="2.9. Should mint successfully when user pay other token">
    </testcase>
  </testsuite>
  <testsuite name="3. Set Admin" timestamp="2023-01-04T09:14:45" tests="3" file="/home/nhat-truong/Projects/test-nft/test/ERC721.ts" time="1.519" failures="0">
    <testcase name="ERC721 3. Set Admin 3.1. Should be fail when caller is not the owner" time="0.011" classname="3.1. Should be fail when caller is not the owner">
    </testcase>
    <testcase name="ERC721 3. Set Admin 3.2. Should be fail when setting zero address" time="0.016" classname="3.2. Should be fail when setting zero address">
    </testcase>
    <testcase name="ERC721 3. Set Admin 3.3. Should set successfully" time="0.039" classname="3.3. Should set successfully">
    </testcase>
  </testsuite>
  <testsuite name="4. Set Verifier" timestamp="2023-01-04T09:14:47" tests="3" file="/home/nhat-truong/Projects/test-nft/test/ERC721.ts" time="1.404" failures="0">
    <testcase name="ERC721 4. Set Verifier 4.1. Should be fail when caller is not the owner" time="0.016" classname="4.1. Should be fail when caller is not the owner">
    </testcase>
    <testcase name="ERC721 4. Set Verifier 4.2. Should be fail when setting zero address" time="0.032" classname="4.2. Should be fail when setting zero address">
    </testcase>
    <testcase name="ERC721 4. Set Verifier 4.3. Should set successfully" time="0.018" classname="4.3. Should set successfully">
    </testcase>
  </testsuite>
  <testsuite name="5. Set Expiration" timestamp="2023-01-04T09:14:48" tests="3" file="/home/nhat-truong/Projects/test-nft/test/ERC721.ts" time="1.253" failures="0">
    <testcase name="ERC721 5. Set Expiration 5.1. Should be fail when caller is not the admin" time="0.014" classname="5.1. Should be fail when caller is not the admin">
    </testcase>
    <testcase name="ERC721 5. Set Expiration 5.2. Should be fail when setting 0" time="0.030" classname="5.2. Should be fail when setting 0">
    </testcase>
    <testcase name="ERC721 5. Set Expiration 5.3. Should set successfully" time="0.030" classname="5.3. Should set successfully">
    </testcase>
  </testsuite>
  <testsuite name="6. Set Token URI" timestamp="2023-01-04T09:14:49" tests="4" file="/home/nhat-truong/Projects/test-nft/test/ERC721.ts" time="4.120" failures="0">
    <testcase name="ERC721 6. Set Token URI 6.1. Should be fail when token ID is nonexistent" time="0.015" classname="6.1. Should be fail when token ID is nonexistent">
    </testcase>
    <testcase name="ERC721 6. Set Token URI 6.2. Should be fail when transaction is not signed by verifier" time="0.076" classname="6.2. Should be fail when transaction is not signed by verifier">
    </testcase>
    <testcase name="ERC721 6. Set Token URI 6.3. Should be fail when signature data is invalid" time="0.044" classname="6.3. Should be fail when signature data is invalid">
    </testcase>
    <testcase name="ERC721 6. Set Token URI 6.4. Should set successfully" time="0.062" classname="6.4. Should set successfully">
    </testcase>
  </testsuite>
  <testsuite name="7. Set Token Status" timestamp="2023-01-04T09:14:53" tests="5" file="/home/nhat-truong/Projects/test-nft/test/ERC721.ts" time="4.077" failures="0">
    <testcase name="ERC721 7. Set Token Status 7.1. Should be fail when set a token is nonexistent" time="0.012" classname="7.1. Should be fail when set a token is nonexistent">
    </testcase>
    <testcase name="ERC721 7. Set Token Status 7.2. Should be fail when set value is equal status of current token" time="0.020" classname="7.2. Should be fail when set value is equal status of current token">
    </testcase>
    <testcase name="ERC721 7. Set Token Status 7.3. Should be fail when transaction is not signed by verifier" time="0.032" classname="7.3. Should be fail when transaction is not signed by verifier">
    </testcase>
    <testcase name="ERC721 7. Set Token Status 7.4. Should be fail when signature is invalid" time="0.036" classname="7.4. Should be fail when signature is invalid">
    </testcase>
    <testcase name="ERC721 7. Set Token Status 7.5. Should set successfully" time="0.070" classname="7.5. Should set successfully">
    </testcase>
  </testsuite>
  <testsuite name="8. Get token URI" timestamp="2023-01-04T09:14:58" tests="3" file="/home/nhat-truong/Projects/test-nft/test/ERC721.ts" time="3.660" failures="0">
    <testcase name="ERC721 8. Get token URI 8.1. Should be fail when get a token is nonexistent" time="0.011" classname="8.1. Should be fail when get a token is nonexistent">
    </testcase>
    <testcase name="ERC721 8. Get token URI 8.2. Should return exact token URI" time="0.032" classname="8.2. Should return exact token URI">
    </testcase>
    <testcase name="ERC721 8. Get token URI 8.3. Should retrieve exacty token URI after setting token URI" time="0.069" classname="8.3. Should retrieve exacty token URI after setting token URI">
    </testcase>
  </testsuite>
  <testsuite name="9. Withdraw" timestamp="2023-01-04T09:15:01" tests="6" file="/home/nhat-truong/Projects/test-nft/test/ERC721.ts" time="6.030" failures="0">
    <testcase name="ERC721 9. Withdraw 9.1. Should be fail when caller is not owner" time="0.009" classname="9.1. Should be fail when caller is not owner">
    </testcase>
    <testcase name="ERC721 9. Withdraw 9.2. Should be fail when recipient address is zero addess" time="0.013" classname="9.2. Should be fail when recipient address is zero addess">
    </testcase>
    <testcase name="ERC721 9. Withdraw 9.3. Should be fail when amount is equal 0" time="0.031" classname="9.3. Should be fail when amount is equal 0">
    </testcase>
    <testcase name="ERC721 9. Withdraw 9.4. Should be fail when owner withdraw amount greater than withdrawable amount" time="0.027" classname="9.4. Should be fail when owner withdraw amount greater than withdrawable amount">
    </testcase>
    <testcase name="ERC721 9. Withdraw 9.5. Should be successfull when owner withdraw native token" time="0.035" classname="9.5. Should be successfull when owner withdraw native token">
    </testcase>
    <testcase name="ERC721 9. Withdraw 9.6. Should withdraw successfully when owner withdraw other token" time="0.116" classname="9.6. Should withdraw successfully when owner withdraw other token">
    </testcase>
  </testsuite>
  <testsuite name="10. Claim" timestamp="2023-01-04T09:15:07" tests="6" file="/home/nhat-truong/Projects/test-nft/test/ERC721.ts" time="4.266" failures="0">
    <testcase name="ERC721 10. Claim 10.1. Should be fail when recipient address is zero address" time="0.013" classname="10.1. Should be fail when recipient address is zero address">
    </testcase>
    <testcase name="ERC721 10. Claim 10.2. Should be fail when amount of money want to claim is greater than current balance" time="0.013" classname="10.2. Should be fail when amount of money want to claim is greater than current balance">
    </testcase>
    <testcase name="ERC721 10. Claim 10.3. Should be successful when owner withdraws amount of all owned native token" time="0.040" classname="10.3. Should be successful when owner withdraws amount of all owned native token">
    </testcase>
    <testcase name="ERC721 10. Claim 10.4. Should be successful when owner withdraws a part of owned cash test token" time="0.188" classname="10.4. Should be successful when owner withdraws a part of owned cash test token">
    </testcase>
    <testcase name="ERC721 10. Claim 10.5. Should be successful when user claims amount of all owned cash test token" time="0.188" classname="10.5. Should be successful when user claims amount of all owned cash test token">
    </testcase>
    <testcase name="ERC721 10. Claim 10.6. Should be successful when user claims a part of owned native token" time="0.061" classname="10.6. Should be successful when user claims a part of owned native token">
    </testcase>
  </testsuite>
  <testsuite name="11. Transfer" timestamp="2023-01-04T09:15:11" tests="6" file="/home/nhat-truong/Projects/test-nft/test/ERC721.ts" time="3.031" failures="0">
    <testcase name="ERC721 11. Transfer 11.1. Should be fail when sender transfer token to self" time="0.030" classname="11.1. Should be fail when sender transfer token to self">
    </testcase>
    <testcase name="ERC721 11. Transfer 11.2. Should be fail when recipient address is zero address" time="0.036" classname="11.2. Should be fail when recipient address is zero address">
    </testcase>
    <testcase name="ERC721 11. Transfer 11.3. Should be fail when token is nonexistent" time="0.016" classname="11.3. Should be fail when token is nonexistent">
    </testcase>
    <testcase name="ERC721 11. Transfer 11.4. Should be fail when token is deactive" time="0.042" classname="11.4. Should be fail when token is deactive">
    </testcase>
    <testcase name="ERC721 11. Transfer 11.5. Should be fail when token is not owned by sender" time="0.016" classname="11.5. Should be fail when token is not owned by sender">
    </testcase>
    <testcase name="ERC721 11. Transfer 11.6. Should transfer successfully" time="0.076" classname="11.6. Should transfer successfully">
    </testcase>
  </testsuite>
  <testsuite name="VerifySignature" timestamp="2023-01-04T09:15:15" tests="1" file="/home/nhat-truong/Projects/test-nft/test/VerifySignature.ts" time="0.253" failures="0">
    <testcase name="VerifySignature Check signature" time="0.143" classname="Check signature">
    </testcase>
  </testsuite>
  <testsuite name="ERC721 Integration" timestamp="2023-01-04T09:15:15" tests="0" file="/home/nhat-truong/Projects/test-nft/test/integration/ERC721.ts" time="0.000" failures="0">
  </testsuite>
  <testsuite name="1. Mint token =&gt; Transfer token" timestamp="2023-01-04T09:15:15" tests="1" file="/home/nhat-truong/Projects/test-nft/test/integration/ERC721.ts" time="0.528" failures="0">
    <testcase name="ERC721 Integration 1. Mint token =&gt; Transfer token 1.1. Should be successfull" time="0.109" classname="1.1. Should be successfull">
    </testcase>
  </testsuite>
</testsuites>