<?xml version="1.0" encoding="UTF-8"?>
<testsuites name="Mocha Tests" time="10.089" tests="3" failures="0">
  <testsuite name="Root Suite" timestamp="2023-01-12T10:14:23" tests="0" time="0.000" failures="0">
  </testsuite>
  <testsuite name="ERC721 Integration" timestamp="2023-01-12T10:14:23" tests="3" file="/home/nhat-truong/Projects/test-nft/test/integration/ERC721.ts" time="10.087" failures="0">
    <testcase name="ERC721 Integration 1.1 Mint token by paying native token without royalty =&gt; Transfer token =&gt; Local government claims =&gt; Owner of contract withdraws" time="0.275" classname="1.1 Mint token by paying native token without royalty =&gt; Transfer token =&gt; Local government claims =&gt; Owner of contract withdraws">
    </testcase>
    <testcase name="ERC721 Integration 1.2 Mint token by paying native token with royalty =&gt; Transfer token =&gt; Local government claims =&gt; Owner of contract withdraws" time="0.416" classname="1.2 Mint token by paying native token with royalty =&gt; Transfer token =&gt; Local government claims =&gt; Owner of contract withdraws">
    </testcase>
    <testcase name="ERC721 Integration 1.3. A user buys a token with royalty =&gt; Someone buys this token =&gt; Money will be transfered properly" time="0.401" classname="1.3. A user buys a token with royalty =&gt; Someone buys this token =&gt; Money will be transfered properly">
    </testcase>
  </testsuite>
</testsuites>