<?xml version="1.0" encoding="UTF-8"?>
<testsuites name="Mocha Tests" time="6.702" tests="13" failures="0">
  <testsuite name="Root Suite" timestamp="2023-01-31T10:42:29" tests="0" time="0.000" failures="0">
  </testsuite>
  <testsuite name="ERC721" timestamp="2023-01-31T10:42:29" tests="0" file="/home/nhat-truong/Projects/test-nft/test/ERC721.ts" time="0.000" failures="0">
  </testsuite>
  <testsuite name="3. Mint With Royalty" timestamp="2023-01-31T10:42:29" tests="13" file="/home/nhat-truong/Projects/test-nft/test/ERC721.ts" time="6.658" failures="0">
    <testcase name="ERC721 3. Mint With Royalty 3.1. Should be fail when recipient address is zero address" time="0.024" classname="3.1. Should be fail when recipient address is zero address">
    </testcase>
    <testcase name="ERC721 3. Mint With Royalty 3.2. Should be fail when recipient address is a contract address" time="0.016" classname="3.2. Should be fail when recipient address is a contract address">
    </testcase>
    <testcase name="ERC721 3. Mint With Royalty 3.3. Should be fail when token URI is empty" time="0.018" classname="3.3. Should be fail when token URI is empty">
    </testcase>
    <testcase name="ERC721 3. Mint With Royalty 3.4. Should be fail when amount is equal 0" time="0.012" classname="3.4. Should be fail when amount is equal 0">
    </testcase>
    <testcase name="ERC721 3. Mint With Royalty 3.5. Should be fail when price is equal 0" time="0.011" classname="3.5. Should be fail when price is equal 0">
    </testcase>
    <testcase name="ERC721 3. Mint With Royalty 3.6. Should be fail when amount is less than price" time="0.016" classname="3.6. Should be fail when amount is less than price">
    </testcase>
    <testcase name="ERC721 3. Mint With Royalty 3.7. Should be fail when user pays native token and msg.value is not equal amount" time="0.034" classname="3.7. Should be fail when user pays native token and msg.value is not equal amount">
    </testcase>
    <testcase name="ERC721 3. Mint With Royalty 3.8. Should be fail when user pays cash test token and payment token is not a contract address" time="0.015" classname="3.8. Should be fail when user pays cash test token and payment token is not a contract address">
    </testcase>
    <testcase name="ERC721 3. Mint With Royalty 3.9. Should be fail when local government address is zero address" time="0.018" classname="3.9. Should be fail when local government address is zero address">
    </testcase>
    <testcase name="ERC721 3. Mint With Royalty 3.10. Should be fail when local government address is a contract address" time="0.063" classname="3.10. Should be fail when local government address is a contract address">
    </testcase>
    <testcase name="ERC721 3. Mint With Royalty 3.11. Should be fail when transaction is not signed by verifier" time="0.033" classname="3.11. Should be fail when transaction is not signed by verifier">
    </testcase>
    <testcase name="ERC721 3. Mint With Royalty 3.12. Should mint successfully when user pays native token" time="0.106" classname="3.12. Should mint successfully when user pays native token">
    </testcase>
    <testcase name="ERC721 3. Mint With Royalty 3.13. Should mint successfully when user pay cash test token" time="0.166" classname="3.13. Should mint successfully when user pay cash test token">
    </testcase>
  </testsuite>
</testsuites>