<?xml version="1.0" encoding="UTF-8"?>
<testsuites name="Mocha Tests" time="8.128" tests="10" failures="0">
  <testsuite name="Root Suite" timestamp="2023-01-09T10:02:47" tests="0" time="0.000" failures="0">
  </testsuite>
  <testsuite name="ERC721" timestamp="2023-01-09T10:02:47" tests="0" file="/home/nhat-truong/Projects/test-nft/test/ERC721.ts" time="0.000" failures="0">
  </testsuite>
  <testsuite name="2. Mint" timestamp="2023-01-09T10:02:47" tests="10" file="/home/nhat-truong/Projects/test-nft/test/ERC721.ts" time="8.012" failures="0">
    <testcase name="ERC721 2. Mint 2.1. Should be fail when address is zero address" time="0.032" classname="2.1. Should be fail when address is zero address">
    </testcase>
    <testcase name="ERC721 2. Mint 2.2. Should be fail when amount is equal 0" time="0.016" classname="2.2. Should be fail when amount is equal 0">
    </testcase>
    <testcase name="ERC721 2. Mint 2.3. Should be fail when price is equal 0" time="0.019" classname="2.3. Should be fail when price is equal 0">
    </testcase>
    <testcase name="ERC721 2. Mint 2.4. Should be fail when user pay native token and msg.value is not equal amount" time="0.042" classname="2.4. Should be fail when user pay native token and msg.value is not equal amount">
    </testcase>
    <testcase name="ERC721 2. Mint 2.5. Should be fail when user pay native token less than price of token" time="0.018" classname="2.5. Should be fail when user pay native token less than price of token">
    </testcase>
    <testcase name="ERC721 2. Mint 2.6. Should be fail when user pay cash test token less than price of token" time="0.019" classname="2.6. Should be fail when user pay cash test token less than price of token">
    </testcase>
    <testcase name="ERC721 2. Mint 2.7. Should be fail when local government address is zero address" time="0.017" classname="2.7. Should be fail when local government address is zero address">
    </testcase>
    <testcase name="ERC721 2. Mint 2.8. Should be fail when transaction is not signed by verifier" time="0.026" classname="2.8. Should be fail when transaction is not signed by verifier">
    </testcase>
    <testcase name="ERC721 2. Mint 2.9. Should mint successfully when user pay native token" time="0.203" classname="2.9. Should mint successfully when user pay native token">
    </testcase>
    <testcase name="ERC721 2. Mint 2.10. Should mint successfully when user pay cash test token" time="0.217" classname="2.10. Should mint successfully when user pay cash test token">
    </testcase>
  </testsuite>
</testsuites>