<?xml version="1.0" encoding="UTF-8"?>
<testsuites name="Mocha Tests" time="4.187" tests="1" failures="0">
  <testsuite name="Root Suite" timestamp="2023-01-05T03:41:44" tests="0" time="0.000" failures="0">
  </testsuite>
  <testsuite name="ERC721 Integration" timestamp="2023-01-05T03:41:44" tests="0" file="/home/nhat-truong/Projects/test-nft/test/integration/ERC721.ts" time="0.000" failures="0">
  </testsuite>
  <testsuite name="1. Mint token by paying native token =&gt; Transfer token =&gt; Local government claims =&gt; Owner of contract withdraws" timestamp="2023-01-05T03:41:44" tests="1" file="/home/nhat-truong/Projects/test-nft/test/integration/ERC721.ts" time="4.185" failures="0">
    <testcase name="ERC721 Integration 1. Mint token by paying native token =&gt; Transfer token =&gt; Local government claims =&gt; Owner of contract withdraws 1.1. Should be successfull" time="0.254" classname="1.1. Should be successfull">
    </testcase>
  </testsuite>
</testsuites>