<?xml version="1.0" encoding="UTF-8"?>
<testsuites name="Mocha Tests" time="4.116" tests="1" failures="1">
  <testsuite name="Root Suite" timestamp="2023-01-05T10:34:03" tests="0" time="0.000" failures="0">
  </testsuite>
  <testsuite name="ERC721" timestamp="2023-01-05T10:34:03" tests="0" file="/home/nhat-truong/Projects/test-nft/test/ERC721.ts" time="0.000" failures="0">
  </testsuite>
  <testsuite name="12. Transfer" timestamp="2023-01-05T10:34:04" tests="1" file="/home/nhat-truong/Projects/test-nft/test/ERC721.ts" time="3.982" failures="1">
    <testcase name="ERC721 12. Transfer 12.6. Should be successful when user transfers token without royalty by paying native token" time="0.154" classname="12.6. Should be successful when user transfers token without royalty by paying native token">
      <failure message="expected 1704471778 to be at least 1704471781. The numerical values of the given &quot;ethers.BigNumber&quot; and &quot;ethers.BigNumber&quot; inputs were compared, and they differed." type="AssertionError"><![CDATA[AssertionError: expected 1704471778 to be at least 1704471781. The numerical values of the given "ethers.BigNumber" and "ethers.BigNumber" inputs were compared, and they differed.
    at Context.<anonymous> (test/ERC721.ts:1057:56)
    at processTicksAndRejections (internal/process/task_queues.js:95:5)
    at runNextTicks (internal/process/task_queues.js:64:3)
    at listOnTimeout (internal/timers.js:526:9)
    at processTimers (internal/timers.js:500:7)

      + expected - actual

      -1704471778
      +1704471781
      ]]></failure>
    </testcase>
  </testsuite>
</testsuites>