<?xml version="1.0" encoding="UTF-8"?>
<testsuites name="Mocha Tests" time="40.520" tests="78" failures="0">
  <testsuite name="Root Suite" timestamp="2023-01-10T09:39:28" tests="0" time="0.000" failures="0">
  </testsuite>
  <testsuite name="ERC721" timestamp="2023-01-10T09:39:28" tests="0" file="/home/nhat-truong/Projects/test-nft/test/ERC721.ts" time="0.000" failures="0">
  </testsuite>
  <testsuite name="1. Initialize" timestamp="2023-01-10T09:39:28" tests="1" file="/home/nhat-truong/Projects/test-nft/test/ERC721.ts" time="0.829" failures="0">
    <testcase name="ERC721 1. Initialize 1.1. Should assign states successfully" time="0.052" classname="1.1. Should assign states successfully">
    </testcase>
  </testsuite>
  <testsuite name="2. Mint" timestamp="2023-01-10T09:39:29" tests="12" file="/home/nhat-truong/Projects/test-nft/test/ERC721.ts" time="5.216" failures="0">
    <testcase name="ERC721 2. Mint 2.1. Should be fail when recipient address is zero address" time="0.035" classname="2.1. Should be fail when recipient address is zero address">
    </testcase>
    <testcase name="ERC721 2. Mint 2.2. Should be fail when recipient address is a contract address" time="0.012" classname="2.2. Should be fail when recipient address is a contract address">
    </testcase>
    <testcase name="ERC721 2. Mint 2.3. Should be fail when amount is equal 0" time="0.020" classname="2.3. Should be fail when amount is equal 0">
    </testcase>
    <testcase name="ERC721 2. Mint 2.4. Should be fail when price is equal 0" time="0.015" classname="2.4. Should be fail when price is equal 0">
    </testcase>
    <testcase name="ERC721 2. Mint 2.5. Should be fail when amount is less than price" time="0.012" classname="2.5. Should be fail when amount is less than price">
    </testcase>
    <testcase name="ERC721 2. Mint 2.6. Should be fail when user pay native token and msg.value is not equal amount" time="0.038" classname="2.6. Should be fail when user pay native token and msg.value is not equal amount">
    </testcase>
    <testcase name="ERC721 2. Mint 2.7. Should be fail when user pays cash test token and payment token is not a contract address" time="0.020" classname="2.7. Should be fail when user pays cash test token and payment token is not a contract address">
    </testcase>
    <testcase name="ERC721 2. Mint 2.8. Should be fail when local government address is zero address" time="0.011" classname="2.8. Should be fail when local government address is zero address">
    </testcase>
    <testcase name="ERC721 2. Mint 2.9. Should be fail when local government address is a contract address" time="0.023" classname="2.9. Should be fail when local government address is a contract address">
    </testcase>
    <testcase name="ERC721 2. Mint 2.10. Should be fail when transaction is not signed by verifier" time="0.028" classname="2.10. Should be fail when transaction is not signed by verifier">
    </testcase>
    <testcase name="ERC721 2. Mint 2.11. Should mint successfully when user pays native token" time="0.121" classname="2.11. Should mint successfully when user pays native token">
    </testcase>
    <testcase name="ERC721 2. Mint 2.12. Should mint successfully when user pays cash test token" time="0.367" classname="2.12. Should mint successfully when user pays cash test token">
    </testcase>
  </testsuite>
  <testsuite name="3. Mint With Royalty" timestamp="2023-01-10T09:39:34" tests="12" file="/home/nhat-truong/Projects/test-nft/test/ERC721.ts" time="7.297" failures="0">
    <testcase name="ERC721 3. Mint With Royalty 3.1. Should be fail when recipient address is zero address" time="0.040" classname="3.1. Should be fail when recipient address is zero address">
    </testcase>
    <testcase name="ERC721 3. Mint With Royalty 3.2. Should be fail when recipient address is a contract address" time="0.024" classname="3.2. Should be fail when recipient address is a contract address">
    </testcase>
    <testcase name="ERC721 3. Mint With Royalty 3.3. Should be fail when amount is equal 0" time="0.067" classname="3.3. Should be fail when amount is equal 0">
    </testcase>
    <testcase name="ERC721 3. Mint With Royalty 3.4. Should be fail when price is equal 0" time="0.026" classname="3.4. Should be fail when price is equal 0">
    </testcase>
    <testcase name="ERC721 3. Mint With Royalty 3.5. Should be fail when amount is less than price" time="0.028" classname="3.5. Should be fail when amount is less than price">
    </testcase>
    <testcase name="ERC721 3. Mint With Royalty 3.6. Should be fail when user pay native token and msg.value is not equal amount" time="0.029" classname="3.6. Should be fail when user pay native token and msg.value is not equal amount">
    </testcase>
    <testcase name="ERC721 3. Mint With Royalty 3.7. Should be fail when user pay native token and msg.value is not equal amount" time="0.014" classname="3.7. Should be fail when user pay native token and msg.value is not equal amount">
    </testcase>
    <testcase name="ERC721 3. Mint With Royalty 3.8. Should be fail when local government address is zero address" time="0.015" classname="3.8. Should be fail when local government address is zero address">
    </testcase>
    <testcase name="ERC721 3. Mint With Royalty 3.9. Should be fail when local government address is a contract address" time="0.019" classname="3.9. Should be fail when local government address is a contract address">
    </testcase>
    <testcase name="ERC721 3. Mint With Royalty 3.10. Should be fail when transaction is not signed by verifier" time="0.035" classname="3.10. Should be fail when transaction is not signed by verifier">
    </testcase>
    <testcase name="ERC721 3. Mint With Royalty 3.11. Should mint successfully when user pay native token" time="0.101" classname="3.11. Should mint successfully when user pay native token">
    </testcase>
    <testcase name="ERC721 3. Mint With Royalty 3.12. Should mint successfully when user pay cash test token" time="0.133" classname="3.12. Should mint successfully when user pay cash test token">
    </testcase>
  </testsuite>
  <testsuite name="4. Set Admin" timestamp="2023-01-10T09:39:42" tests="4" file="/home/nhat-truong/Projects/test-nft/test/ERC721.ts" time="1.430" failures="0">
    <testcase name="ERC721 4. Set Admin 4.1. Should be fail when caller is not the owner" time="0.024" classname="4.1. Should be fail when caller is not the owner">
    </testcase>
    <testcase name="ERC721 4. Set Admin 4.2. Should be fail when setting zero address" time="0.011" classname="4.2. Should be fail when setting zero address">
    </testcase>
    <testcase name="ERC721 4. Set Admin 4.3. Should be fail when setting contract address" time="0.009" classname="4.3. Should be fail when setting contract address">
    </testcase>
    <testcase name="ERC721 4. Set Admin 4.4. Should set successfully" time="0.016" classname="4.4. Should set successfully">
    </testcase>
  </testsuite>
  <testsuite name="5. Set Verifier" timestamp="2023-01-10T09:39:43" tests="4" file="/home/nhat-truong/Projects/test-nft/test/ERC721.ts" time="1.212" failures="0">
    <testcase name="ERC721 5. Set Verifier 5.1. Should be fail when caller is not the owner" time="0.009" classname="5.1. Should be fail when caller is not the owner">
    </testcase>
    <testcase name="ERC721 5. Set Verifier 5.2. Should be fail when setting zero address" time="0.011" classname="5.2. Should be fail when setting zero address">
    </testcase>
    <testcase name="ERC721 5. Set Verifier 5.3. Should be fail when setting zero address" time="0.009" classname="5.3. Should be fail when setting zero address">
    </testcase>
    <testcase name="ERC721 5. Set Verifier 5.4. Should set successfully" time="0.013" classname="5.4. Should set successfully">
    </testcase>
  </testsuite>
  <testsuite name="6. Set Expiration" timestamp="2023-01-10T09:39:44" tests="3" file="/home/nhat-truong/Projects/test-nft/test/ERC721.ts" time="0.929" failures="0">
    <testcase name="ERC721 6. Set Expiration 6.1. Should be fail when caller is not the admin" time="0.009" classname="6.1. Should be fail when caller is not the admin">
    </testcase>
    <testcase name="ERC721 6. Set Expiration 6.2. Should be fail when setting 0" time="0.016" classname="6.2. Should be fail when setting 0">
    </testcase>
    <testcase name="ERC721 6. Set Expiration 6.3. Should set successfully" time="0.018" classname="6.3. Should set successfully">
    </testcase>
  </testsuite>
  <testsuite name="7. Set Token URI" timestamp="2023-01-10T09:39:45" tests="4" file="/home/nhat-truong/Projects/test-nft/test/ERC721.ts" time="1.541" failures="0">
    <testcase name="ERC721 7. Set Token URI 7.1. Should be fail when token ID is nonexistent" time="0.016" classname="7.1. Should be fail when token ID is nonexistent">
    </testcase>
    <testcase name="ERC721 7. Set Token URI 7.2. Should be fail when transaction is not signed by verifier" time="0.025" classname="7.2. Should be fail when transaction is not signed by verifier">
    </testcase>
    <testcase name="ERC721 7. Set Token URI 7.3. Should be fail when signature data is invalid" time="0.025" classname="7.3. Should be fail when signature data is invalid">
    </testcase>
    <testcase name="ERC721 7. Set Token URI 7.4. Should set successfully" time="0.042" classname="7.4. Should set successfully">
    </testcase>
  </testsuite>
  <testsuite name="8. Set Token Status" timestamp="2023-01-10T09:39:47" tests="5" file="/home/nhat-truong/Projects/test-nft/test/ERC721.ts" time="2.075" failures="0">
    <testcase name="ERC721 8. Set Token Status 8.1. Should be fail when set a token is nonexistent" time="0.010" classname="8.1. Should be fail when set a token is nonexistent">
    </testcase>
    <testcase name="ERC721 8. Set Token Status 8.2. Should be fail when set value is equal status of current token" time="0.009" classname="8.2. Should be fail when set value is equal status of current token">
    </testcase>
    <testcase name="ERC721 8. Set Token Status 8.3. Should be fail when transaction is not signed by verifier" time="0.028" classname="8.3. Should be fail when transaction is not signed by verifier">
    </testcase>
    <testcase name="ERC721 8. Set Token Status 8.4. Should be fail when signature is invalid" time="0.034" classname="8.4. Should be fail when signature is invalid">
    </testcase>
    <testcase name="ERC721 8. Set Token Status 8.5. Should set successfully" time="0.047" classname="8.5. Should set successfully">
    </testcase>
  </testsuite>
  <testsuite name="9. Get token URI" timestamp="2023-01-10T09:39:49" tests="3" file="/home/nhat-truong/Projects/test-nft/test/ERC721.ts" time="2.307" failures="0">
    <testcase name="ERC721 9. Get token URI 9.1. Should be fail when get a token is nonexistent" time="0.099" classname="9.1. Should be fail when get a token is nonexistent">
    </testcase>
    <testcase name="ERC721 9. Get token URI 9.2. Should return exact token URI" time="0.025" classname="9.2. Should return exact token URI">
    </testcase>
    <testcase name="ERC721 9. Get token URI 9.3. Should retrieve exacty token URI after setting token URI" time="0.031" classname="9.3. Should retrieve exacty token URI after setting token URI">
    </testcase>
  </testsuite>
  <testsuite name="10. Withdraw" timestamp="2023-01-10T09:39:51" tests="6" file="/home/nhat-truong/Projects/test-nft/test/ERC721.ts" time="4.122" failures="0">
    <testcase name="ERC721 10. Withdraw 10.1. Should be fail when caller is not owner" time="0.015" classname="10.1. Should be fail when caller is not owner">
    </testcase>
    <testcase name="ERC721 10. Withdraw 10.2. Should be fail when recipient address is zero addess" time="0.028" classname="10.2. Should be fail when recipient address is zero addess">
    </testcase>
    <testcase name="ERC721 10. Withdraw 10.3. Should be fail when amount is equal 0" time="0.050" classname="10.3. Should be fail when amount is equal 0">
    </testcase>
    <testcase name="ERC721 10. Withdraw 10.4. Should be fail when owner withdraw amount greater than withdrawable amount" time="0.014" classname="10.4. Should be fail when owner withdraw amount greater than withdrawable amount">
    </testcase>
    <testcase name="ERC721 10. Withdraw 10.5. Should be successful when owner withdraws native token" time="0.027" classname="10.5. Should be successful when owner withdraws native token">
    </testcase>
    <testcase name="ERC721 10. Withdraw 10.6. Should withdraw successfully when owner withdraws cash test token" time="0.052" classname="10.6. Should withdraw successfully when owner withdraws cash test token">
    </testcase>
  </testsuite>
  <testsuite name="11. Claim" timestamp="2023-01-10T09:39:55" tests="6" file="/home/nhat-truong/Projects/test-nft/test/ERC721.ts" time="2.748" failures="0">
    <testcase name="ERC721 11. Claim 11.1. Should be fail when recipient address is zero address" time="0.009" classname="11.1. Should be fail when recipient address is zero address">
    </testcase>
    <testcase name="ERC721 11. Claim 11.2. Should be fail when amount of money want to claim is greater than current balance" time="0.017" classname="11.2. Should be fail when amount of money want to claim is greater than current balance">
    </testcase>
    <testcase name="ERC721 11. Claim 11.3. Should be successful when owner withdraws amount of all owned native token" time="0.022" classname="11.3. Should be successful when owner withdraws amount of all owned native token">
    </testcase>
    <testcase name="ERC721 11. Claim 11.4. Should be successful when owner withdraws a part of owned cash test token" time="0.056" classname="11.4. Should be successful when owner withdraws a part of owned cash test token">
    </testcase>
    <testcase name="ERC721 11. Claim 11.5. Should be successful when user claims amount of all owned cash test token" time="0.035" classname="11.5. Should be successful when user claims amount of all owned cash test token">
    </testcase>
    <testcase name="ERC721 11. Claim 11.6. Should be successful when user claims a part of owned native token" time="0.022" classname="11.6. Should be successful when user claims a part of owned native token">
    </testcase>
  </testsuite>
  <testsuite name="12. Transfer" timestamp="2023-01-10T09:39:58" tests="6" file="/home/nhat-truong/Projects/test-nft/test/ERC721.ts" time="2.574" failures="0">
    <testcase name="ERC721 12. Transfer 12.1. Should be fail when sender transfer token to self" time="0.010" classname="12.1. Should be fail when sender transfer token to self">
    </testcase>
    <testcase name="ERC721 12. Transfer 12.2. Should be fail when recipient address is zero address" time="0.015" classname="12.2. Should be fail when recipient address is zero address">
    </testcase>
    <testcase name="ERC721 12. Transfer 12.3. Should be fail when token is nonexistent" time="0.008" classname="12.3. Should be fail when token is nonexistent">
    </testcase>
    <testcase name="ERC721 12. Transfer 12.4. Should be fail when token is deactive" time="0.035" classname="12.4. Should be fail when token is deactive">
    </testcase>
    <testcase name="ERC721 12. Transfer 12.5. Should be fail when token is not owned by sender" time="0.014" classname="12.5. Should be fail when token is not owned by sender">
    </testcase>
    <testcase name="ERC721 12. Transfer 12.6. Should transfer successfully" time="0.105" classname="12.6. Should transfer successfully">
    </testcase>
  </testsuite>
  <testsuite name="13. Buy" timestamp="2023-01-10T09:40:01" tests="4" file="/home/nhat-truong/Projects/test-nft/test/ERC721.ts" time="0.000" failures="0">
    <testcase name="ERC721 13. Buy 13.1. Should be fail when buy a nonexistent token" time="0.014" classname="13.1. Should be fail when buy a nonexistent token">
    </testcase>
    <testcase name="ERC721 13. Buy 13.2. Should be fail when buy a owned token" time="0.023" classname="13.2. Should be fail when buy a owned token">
    </testcase>
    <testcase name="ERC721 13. Buy 13.3. Should be fail when token is deactive" time="0.033" classname="13.3. Should be fail when token is deactive">
    </testcase>
    <testcase name="ERC721 13. Buy 13.4. Should be fail when balance of buyer is not enough to buy token" time="0.043" classname="13.4. Should be fail when balance of buyer is not enough to buy token">
    </testcase>
  </testsuite>
  <testsuite name="13.5. Buy without royalty" timestamp="2023-01-10T09:40:02" tests="2" file="/home/nhat-truong/Projects/test-nft/test/ERC721.ts" time="1.313" failures="0">
    <testcase name="ERC721 13. Buy 13.5. Buy without royalty 13.5.1. Should be successful when user buys a token paid by native token" time="0.052" classname="13.5.1. Should be successful when user buys a token paid by native token">
    </testcase>
    <testcase name="ERC721 13. Buy 13.5. Buy without royalty 13.5.2. Should be successful when user buys a token paid by test cash token" time="0.102" classname="13.5.2. Should be successful when user buys a token paid by test cash token">
    </testcase>
  </testsuite>
  <testsuite name="13.6. Buy with royalty" timestamp="2023-01-10T09:40:04" tests="2" file="/home/nhat-truong/Projects/test-nft/test/ERC721.ts" time="2.544" failures="0">
    <testcase name="ERC721 13. Buy 13.6. Buy with royalty 13.6.1. Should be successful when user buys a token paid by native token" time="0.090" classname="13.6.1. Should be successful when user buys a token paid by native token">
    </testcase>
    <testcase name="ERC721 13. Buy 13.6. Buy with royalty 13.6.2. Should be successful when user buys a token paid by test cash token" time="0.533" classname="13.6.2. Should be successful when user buys a token paid by test cash token">
    </testcase>
  </testsuite>
  <testsuite name="VerifySignature" timestamp="2023-01-10T09:40:06" tests="1" file="/home/nhat-truong/Projects/test-nft/test/VerifySignature.ts" time="0.194" failures="0">
    <testcase name="VerifySignature Check signature" time="0.059" classname="Check signature">
    </testcase>
  </testsuite>
  <testsuite name="ERC721 Integration" timestamp="2023-01-10T09:40:06" tests="3" file="/home/nhat-truong/Projects/test-nft/test/integration/ERC721.ts" time="2.405" failures="0">
    <testcase name="ERC721 Integration 1.1 Mint token by paying native token without royalty =&gt; Transfer token =&gt; Local government claims =&gt; Owner of contract withdraws" time="0.372" classname="1.1 Mint token by paying native token without royalty =&gt; Transfer token =&gt; Local government claims =&gt; Owner of contract withdraws">
    </testcase>
    <testcase name="ERC721 Integration 1.2 Mint token by paying native token with royalty =&gt; Transfer token =&gt; Local government claims =&gt; Owner of contract withdraws" time="0.183" classname="1.2 Mint token by paying native token with royalty =&gt; Transfer token =&gt; Local government claims =&gt; Owner of contract withdraws">
    </testcase>
    <testcase name="ERC721 Integration 1.3. A user buys a token with royalty =&gt; Someone buys this token =&gt; Money will be transfered properly" time="0.272" classname="1.3. A user buys a token with royalty =&gt; Someone buys this token =&gt; Money will be transfered properly">
    </testcase>
  </testsuite>
</testsuites>